mode: atomic
github.com/gidyon/file-handlers/dbstorage/delete.go:8.92,13.16 3 2
github.com/gidyon/file-handlers/dbstorage/delete.go:19.2,19.24 1 2
github.com/gidyon/file-handlers/dbstorage/delete.go:27.2,27.28 1 2
github.com/gidyon/file-handlers/dbstorage/delete.go:13.16,16.3 2 0
github.com/gidyon/file-handlers/dbstorage/delete.go:19.24,21.39 2 2
github.com/gidyon/file-handlers/dbstorage/delete.go:21.39,24.4 2 0
github.com/gidyon/file-handlers/dbstorage/get.go:10.89,18.13 2 4
github.com/gidyon/file-handlers/dbstorage/get.go:28.2,28.36 1 4
github.com/gidyon/file-handlers/dbstorage/get.go:51.2,51.35 1 1
github.com/gidyon/file-handlers/dbstorage/get.go:18.13,21.37 3 1
github.com/gidyon/file-handlers/dbstorage/get.go:21.37,24.4 2 0
github.com/gidyon/file-handlers/dbstorage/get.go:28.36,31.38 3 3
github.com/gidyon/file-handlers/dbstorage/get.go:36.3,36.14 1 2
github.com/gidyon/file-handlers/dbstorage/get.go:47.3,48.9 2 2
github.com/gidyon/file-handlers/dbstorage/get.go:31.38,34.4 2 1
github.com/gidyon/file-handlers/dbstorage/get.go:36.14,38.37 1 0
github.com/gidyon/file-handlers/dbstorage/get.go:38.37,40.43 2 0
github.com/gidyon/file-handlers/dbstorage/get.go:40.43,43.6 2 0
github.com/gidyon/file-handlers/dbstorage/handler.go:32.40,34.2 1 2
github.com/gidyon/file-handlers/dbstorage/handler.go:37.41,39.2 1 0
github.com/gidyon/file-handlers/dbstorage/handler.go:42.41,44.2 1 1
github.com/gidyon/file-handlers/dbstorage/handler.go:47.38,49.2 1 0
github.com/gidyon/file-handlers/dbstorage/handler.go:52.37,53.14 1 1
github.com/gidyon/file-handlers/dbstorage/handler.go:53.14,55.3 1 0
github.com/gidyon/file-handlers/dbstorage/handler.go:59.36,60.14 1 0
github.com/gidyon/file-handlers/dbstorage/handler.go:60.14,62.3 1 0
github.com/gidyon/file-handlers/dbstorage/handler.go:66.28,68.2 1 0
github.com/gidyon/file-handlers/dbstorage/handler.go:79.83,80.15 1 1
github.com/gidyon/file-handlers/dbstorage/handler.go:85.2,87.24 2 1
github.com/gidyon/file-handlers/dbstorage/handler.go:92.2,100.8 2 1
github.com/gidyon/file-handlers/dbstorage/handler.go:80.15,82.3 1 0
github.com/gidyon/file-handlers/dbstorage/handler.go:87.24,89.3 1 0
github.com/gidyon/file-handlers/dbstorage/handler.go:103.79,105.36 2 12
github.com/gidyon/file-handlers/dbstorage/handler.go:111.2,113.18 2 12
github.com/gidyon/file-handlers/dbstorage/handler.go:105.36,108.3 2 0
github.com/gidyon/file-handlers/dbstorage/handler.go:114.22,115.27 1 4
github.com/gidyon/file-handlers/dbstorage/handler.go:116.23,117.35 1 6
github.com/gidyon/file-handlers/dbstorage/handler.go:118.22,119.35 1 0
github.com/gidyon/file-handlers/dbstorage/handler.go:120.25,121.30 1 2
github.com/gidyon/file-handlers/dbstorage/handler.go:126.73,133.16 5 3
github.com/gidyon/file-handlers/dbstorage/handler.go:133.16,136.3 2 0
github.com/gidyon/file-handlers/dbstorage/save.go:13.96,23.16 4 6
github.com/gidyon/file-handlers/dbstorage/save.go:29.2,30.16 2 4
github.com/gidyon/file-handlers/dbstorage/save.go:34.2,38.16 3 4
github.com/gidyon/file-handlers/dbstorage/save.go:44.2,47.42 2 4
github.com/gidyon/file-handlers/dbstorage/save.go:57.2,57.16 1 4
github.com/gidyon/file-handlers/dbstorage/save.go:63.2,63.27 1 4
github.com/gidyon/file-handlers/dbstorage/save.go:72.2,91.16 3 4
github.com/gidyon/file-handlers/dbstorage/save.go:96.2,97.13 2 4
github.com/gidyon/file-handlers/dbstorage/save.go:111.2,112.22 2 4
github.com/gidyon/file-handlers/dbstorage/save.go:23.16,26.3 2 2
github.com/gidyon/file-handlers/dbstorage/save.go:30.16,33.3 2 0
github.com/gidyon/file-handlers/dbstorage/save.go:38.16,41.3 2 0
github.com/gidyon/file-handlers/dbstorage/save.go:47.42,48.28 1 4
github.com/gidyon/file-handlers/dbstorage/save.go:51.3,52.17 2 0
github.com/gidyon/file-handlers/dbstorage/save.go:55.3,55.51 1 0
github.com/gidyon/file-handlers/dbstorage/save.go:48.28,50.4 1 4
github.com/gidyon/file-handlers/dbstorage/save.go:52.17,54.4 1 0
github.com/gidyon/file-handlers/dbstorage/save.go:57.16,60.3 2 0
github.com/gidyon/file-handlers/dbstorage/save.go:63.27,65.15 2 4
github.com/gidyon/file-handlers/dbstorage/save.go:68.3,68.18 1 3
github.com/gidyon/file-handlers/dbstorage/save.go:65.15,67.4 1 1
github.com/gidyon/file-handlers/dbstorage/save.go:91.16,94.3 2 0
github.com/gidyon/file-handlers/dbstorage/save.go:97.13,99.40 1 1
github.com/gidyon/file-handlers/dbstorage/save.go:99.40,102.42 2 1
github.com/gidyon/file-handlers/dbstorage/save.go:102.42,105.5 2 0
github.com/gidyon/file-handlers/dbstorage/save.go:106.9,108.4 1 0
