mode: atomic
github.com/gidyon/file-server/handler/static/static.go:33.37,35.2 1 2
github.com/gidyon/file-server/handler/static/static.go:59.59,60.23 1 3
github.com/gidyon/file-server/handler/static/static.go:66.2,71.32 3 3
github.com/gidyon/file-server/handler/static/static.go:77.2,93.21 2 3
github.com/gidyon/file-server/handler/static/static.go:117.2,117.17 1 3
github.com/gidyon/file-server/handler/static/static.go:60.23,63.3 1 0
github.com/gidyon/file-server/handler/static/static.go:71.32,74.3 1 0
github.com/gidyon/file-server/handler/static/static.go:93.21,94.45 1 1
github.com/gidyon/file-server/handler/static/static.go:94.45,101.31 2 2
github.com/gidyon/file-server/handler/static/static.go:113.4,113.44 1 2
github.com/gidyon/file-server/handler/static/static.go:101.31,107.19 4 8
github.com/gidyon/file-server/handler/static/static.go:107.19,109.6 1 0
github.com/gidyon/file-server/handler/static/static.go:120.80,122.32 1 10
github.com/gidyon/file-server/handler/static/static.go:127.2,128.36 2 8
github.com/gidyon/file-server/handler/static/static.go:135.2,135.33 1 8
github.com/gidyon/file-server/handler/static/static.go:140.2,141.9 2 8
github.com/gidyon/file-server/handler/static/static.go:169.2,172.32 2 6
github.com/gidyon/file-server/handler/static/static.go:122.32,125.3 2 2
github.com/gidyon/file-server/handler/static/static.go:128.36,132.3 2 0
github.com/gidyon/file-server/handler/static/static.go:135.33,137.3 1 2
github.com/gidyon/file-server/handler/static/static.go:141.9,143.26 1 6
github.com/gidyon/file-server/handler/static/static.go:149.3,149.44 1 6
github.com/gidyon/file-server/handler/static/static.go:154.3,155.25 2 6
github.com/gidyon/file-server/handler/static/static.go:162.3,162.17 1 4
github.com/gidyon/file-server/handler/static/static.go:143.26,146.4 2 2
github.com/gidyon/file-server/handler/static/static.go:149.44,152.4 2 0
github.com/gidyon/file-server/handler/static/static.go:155.25,160.4 3 2
github.com/gidyon/file-server/handler/static/static.go:162.17,165.4 2 0
github.com/gidyon/file-server/handler/static/static.go:176.78,178.22 1 8
github.com/gidyon/file-server/handler/static/static.go:182.2,183.9 2 1
github.com/gidyon/file-server/handler/static/static.go:188.2,188.45 1 0
github.com/gidyon/file-server/handler/static/static.go:178.22,180.3 1 7
github.com/gidyon/file-server/handler/static/static.go:183.9,185.3 1 1
github.com/gidyon/file-server/handler/static/static.go:188.45,189.19 1 0
github.com/gidyon/file-server/handler/static/static.go:189.19,190.46 1 0
github.com/gidyon/file-server/handler/static/static.go:193.4,193.9 1 0
github.com/gidyon/file-server/handler/static/static.go:190.46,192.5 1 0
github.com/gidyon/file-server/handler/static/static.go:198.97,201.9 2 6
github.com/gidyon/file-server/handler/static/static.go:207.2,213.16 6 6
github.com/gidyon/file-server/handler/static/static.go:201.9,204.3 2 0
github.com/gidyon/file-server/handler/static/static.go:213.16,216.3 2 0
github.com/gidyon/file-server/handler/static/static.go:220.78,226.2 4 14
github.com/gidyon/file-server/handler/static/static.go:229.60,231.2 1 2
github.com/gidyon/file-server/handler/static/static.go:234.63,238.16 3 14
github.com/gidyon/file-server/handler/static/static.go:243.2,244.16 2 12
github.com/gidyon/file-server/handler/static/static.go:249.2,250.17 2 12
github.com/gidyon/file-server/handler/static/static.go:254.2,263.12 4 12
github.com/gidyon/file-server/handler/static/static.go:238.16,240.3 1 2
github.com/gidyon/file-server/handler/static/static.go:244.16,246.3 1 0
github.com/gidyon/file-server/handler/static/static.go:250.17,252.3 1 0
