mode: atomic
github.com/gidyon/file-handlers/filehandler/delete.go:11.92,19.21 2 3
github.com/gidyon/file-handlers/filehandler/delete.go:26.2,26.15 1 3
github.com/gidyon/file-handlers/filehandler/delete.go:49.2,51.15 2 3
github.com/gidyon/file-handlers/filehandler/delete.go:61.2,61.15 1 2
github.com/gidyon/file-handlers/filehandler/delete.go:66.2,70.16 3 2
github.com/gidyon/file-handlers/filehandler/delete.go:77.2,77.15 1 1
github.com/gidyon/file-handlers/filehandler/delete.go:86.2,86.28 1 1
github.com/gidyon/file-handlers/filehandler/delete.go:19.21,20.16 1 2
github.com/gidyon/file-handlers/filehandler/delete.go:20.16,22.4 1 2
github.com/gidyon/file-handlers/filehandler/delete.go:26.15,28.16 2 3
github.com/gidyon/file-handlers/filehandler/delete.go:34.3,34.22 1 3
github.com/gidyon/file-handlers/filehandler/delete.go:40.3,41.17 2 3
github.com/gidyon/file-handlers/filehandler/delete.go:28.16,29.36 1 3
github.com/gidyon/file-handlers/filehandler/delete.go:29.36,32.5 2 0
github.com/gidyon/file-handlers/filehandler/delete.go:34.22,37.4 2 0
github.com/gidyon/file-handlers/filehandler/delete.go:41.17,45.4 3 0
github.com/gidyon/file-handlers/filehandler/delete.go:51.15,53.29 2 1
github.com/gidyon/file-handlers/filehandler/delete.go:53.29,57.4 3 1
github.com/gidyon/file-handlers/filehandler/delete.go:61.15,63.3 1 2
github.com/gidyon/file-handlers/filehandler/delete.go:70.16,74.3 3 1
github.com/gidyon/file-handlers/filehandler/delete.go:77.15,79.17 2 1
github.com/gidyon/file-handlers/filehandler/delete.go:79.17,83.4 3 0
github.com/gidyon/file-handlers/filehandler/file.go:29.40,31.2 1 2
github.com/gidyon/file-handlers/filehandler/file.go:34.41,36.2 1 0
github.com/gidyon/file-handlers/filehandler/file.go:39.42,41.2 1 1
github.com/gidyon/file-handlers/filehandler/file.go:44.41,46.2 1 1
github.com/gidyon/file-handlers/filehandler/file.go:49.33,50.14 1 1
github.com/gidyon/file-handlers/filehandler/file.go:50.14,52.3 1 0
github.com/gidyon/file-handlers/filehandler/file.go:56.32,58.2 1 1
github.com/gidyon/file-handlers/filehandler/file.go:61.18,63.2 1 0
github.com/gidyon/file-handlers/filehandler/file.go:87.52,88.23 1 1
github.com/gidyon/file-handlers/filehandler/file.go:94.2,101.38 5 1
github.com/gidyon/file-handlers/filehandler/file.go:105.2,109.16 3 1
github.com/gidyon/file-handlers/filehandler/file.go:114.2,119.32 3 1
github.com/gidyon/file-handlers/filehandler/file.go:124.2,124.19 1 1
github.com/gidyon/file-handlers/filehandler/file.go:128.2,128.11 1 1
github.com/gidyon/file-handlers/filehandler/file.go:134.2,145.8 2 1
github.com/gidyon/file-handlers/filehandler/file.go:88.23,91.3 1 0
github.com/gidyon/file-handlers/filehandler/file.go:101.38,103.3 1 1
github.com/gidyon/file-handlers/filehandler/file.go:109.16,111.3 1 0
github.com/gidyon/file-handlers/filehandler/file.go:119.32,122.3 1 0
github.com/gidyon/file-handlers/filehandler/file.go:124.19,126.3 1 0
github.com/gidyon/file-handlers/filehandler/file.go:128.11,131.3 1 1
github.com/gidyon/file-handlers/filehandler/file.go:148.73,151.36 2 12
github.com/gidyon/file-handlers/filehandler/file.go:157.2,159.18 2 12
github.com/gidyon/file-handlers/filehandler/file.go:151.36,154.3 2 0
github.com/gidyon/file-handlers/filehandler/file.go:160.22,161.32 1 3
github.com/gidyon/file-handlers/filehandler/file.go:162.23,163.33 1 6
github.com/gidyon/file-handlers/filehandler/file.go:164.22,165.33 1 0
github.com/gidyon/file-handlers/filehandler/file.go:166.25,167.35 1 3
github.com/gidyon/file-handlers/filehandler/file.go:172.53,173.36 1 3
github.com/gidyon/file-handlers/filehandler/file.go:178.2,178.14 1 3
github.com/gidyon/file-handlers/filehandler/file.go:173.36,174.15 1 6
github.com/gidyon/file-handlers/filehandler/file.go:174.15,176.4 1 0
github.com/gidyon/file-handlers/filehandler/get.go:11.89,15.15 2 3
github.com/gidyon/file-handlers/filehandler/get.go:24.2,24.15 1 2
github.com/gidyon/file-handlers/filehandler/get.go:28.2,32.16 3 2
github.com/gidyon/file-handlers/filehandler/get.go:40.2,41.16 2 1
github.com/gidyon/file-handlers/filehandler/get.go:47.2,55.16 7 1
github.com/gidyon/file-handlers/filehandler/get.go:15.15,17.29 2 1
github.com/gidyon/file-handlers/filehandler/get.go:17.29,20.4 2 1
github.com/gidyon/file-handlers/filehandler/get.go:24.15,26.3 1 2
github.com/gidyon/file-handlers/filehandler/get.go:32.16,33.25 1 1
github.com/gidyon/file-handlers/filehandler/get.go:33.25,36.4 2 1
github.com/gidyon/file-handlers/filehandler/get.go:41.16,44.3 2 0
github.com/gidyon/file-handlers/filehandler/get.go:55.16,58.3 2 0
github.com/gidyon/file-handlers/filehandler/save.go:17.90,21.16 3 6
github.com/gidyon/file-handlers/filehandler/save.go:27.2,28.16 2 4
github.com/gidyon/file-handlers/filehandler/save.go:32.2,36.16 3 4
github.com/gidyon/file-handlers/filehandler/save.go:42.2,44.42 2 4
github.com/gidyon/file-handlers/filehandler/save.go:54.2,54.16 1 4
github.com/gidyon/file-handlers/filehandler/save.go:59.2,61.15 2 4
github.com/gidyon/file-handlers/filehandler/save.go:101.2,101.21 1 4
github.com/gidyon/file-handlers/filehandler/save.go:108.2,110.15 2 4
github.com/gidyon/file-handlers/filehandler/save.go:120.2,120.15 1 3
github.com/gidyon/file-handlers/filehandler/save.go:125.2,129.16 3 3
github.com/gidyon/file-handlers/filehandler/save.go:134.2,137.16 3 3
github.com/gidyon/file-handlers/filehandler/save.go:144.2,144.15 1 3
github.com/gidyon/file-handlers/filehandler/save.go:153.2,153.33 1 3
github.com/gidyon/file-handlers/filehandler/save.go:157.2,157.28 1 3
github.com/gidyon/file-handlers/filehandler/save.go:21.16,24.3 2 2
github.com/gidyon/file-handlers/filehandler/save.go:28.16,31.3 2 0
github.com/gidyon/file-handlers/filehandler/save.go:36.16,39.3 2 0
github.com/gidyon/file-handlers/filehandler/save.go:44.42,45.28 1 4
github.com/gidyon/file-handlers/filehandler/save.go:48.3,49.17 2 0
github.com/gidyon/file-handlers/filehandler/save.go:52.3,52.51 1 0
github.com/gidyon/file-handlers/filehandler/save.go:45.28,47.4 1 4
github.com/gidyon/file-handlers/filehandler/save.go:49.17,51.4 1 0
github.com/gidyon/file-handlers/filehandler/save.go:54.16,57.3 2 0
github.com/gidyon/file-handlers/filehandler/save.go:61.15,63.16 2 4
github.com/gidyon/file-handlers/filehandler/save.go:68.3,68.22 1 4
github.com/gidyon/file-handlers/filehandler/save.go:74.3,92.17 3 4
github.com/gidyon/file-handlers/filehandler/save.go:63.16,64.36 1 4
github.com/gidyon/file-handlers/filehandler/save.go:64.36,66.5 1 0
github.com/gidyon/file-handlers/filehandler/save.go:68.22,71.4 2 0
github.com/gidyon/file-handlers/filehandler/save.go:92.17,97.4 4 0
github.com/gidyon/file-handlers/filehandler/save.go:101.21,102.16 1 1
github.com/gidyon/file-handlers/filehandler/save.go:102.16,104.4 1 1
github.com/gidyon/file-handlers/filehandler/save.go:110.15,112.29 2 1
github.com/gidyon/file-handlers/filehandler/save.go:112.29,116.4 3 1
github.com/gidyon/file-handlers/filehandler/save.go:120.15,122.3 1 3
github.com/gidyon/file-handlers/filehandler/save.go:129.16,133.3 3 0
github.com/gidyon/file-handlers/filehandler/save.go:137.16,141.3 3 0
github.com/gidyon/file-handlers/filehandler/save.go:144.15,146.17 2 3
github.com/gidyon/file-handlers/filehandler/save.go:146.17,150.4 3 0
github.com/gidyon/file-handlers/filehandler/save.go:153.33,155.3 1 3
